<?xml version="1.0" encoding="UTF-8"?>
<robot generator="Robot 7.3.2 (Python 3.13.5 on win32)" generated="2025-07-11T01:39:24.378180" rpa="false" schemaversion="5">
<suite id="s1" name="myFirstRobotFile" source="C:\Users\nikit\robotFramework_Practice\myFirstRobotFile.robot">
<test id="s1-t1" name="My First Test" line="5">
<kw name="Log" owner="BuiltIn">
<msg time="2025-07-11T01:39:24.823036" level="INFO">Hello, Robot Framework!</msg>
<arg>Hello, Robot Framework!</arg>
<doc>Logs the given message with the given level.</doc>
<status status="PASS" start="2025-07-11T01:39:24.822228" elapsed="0.000901"/>
</kw>
<status status="PASS" start="2025-07-11T01:39:24.821078" elapsed="0.002571"/>
</test>
<test id="s1-t2" name="Open Google And Check Title" line="7">
<kw name="Open Browser" owner="SeleniumLibrary">
<msg time="2025-07-11T01:39:24.824803" level="INFO">Opening browser 'chrome' to base url 'https://www.google.com'.</msg>
<arg>https://www.google.com</arg>
<arg>chrome</arg>
<doc>Opens a new browser instance to the optional ``url``.</doc>
<status status="PASS" start="2025-07-11T01:39:24.824496" elapsed="3.014464"/>
</kw>
<kw name="Title Should Be" owner="SeleniumLibrary">
<msg time="2025-07-11T01:39:27.849017" level="INFO">Page title is 'Google'.</msg>
<arg>Google</arg>
<doc>Verifies that the current page title equals ``title``.</doc>
<status status="PASS" start="2025-07-11T01:39:27.839574" elapsed="0.009608"/>
</kw>
<kw name="Close Browser" owner="SeleniumLibrary">
<doc>Closes the current browser.</doc>
<status status="PASS" start="2025-07-11T01:39:27.849671" elapsed="2.207559"/>
</kw>
<status status="PASS" start="2025-07-11T01:39:24.824091" elapsed="5.233696"/>
</test>
<status status="PASS" start="2025-07-11T01:39:24.379746" elapsed="5.679876"/>
</suite>
<statistics>
<total>
<stat pass="2" fail="0" skip="0">All Tests</stat>
</total>
<tag>
</tag>
<suite>
<stat name="myFirstRobotFile" id="s1" pass="2" fail="0" skip="0">myFirstRobotFile</stat>
</suite>
</statistics>
<errors>
</errors>
</robot>
